<?xml version="1.0" encoding="UTF-8"?>
<!-- Generated by org.testng.reporters.JUnitReportReporter -->
<testsuite hostname="Harishs-Mini.lan" failures="0" tests="1" name="com.restApi.practice.restApiPractice.Tests_And_Validations" time="0.556" errors="0" timestamp="3 May 2024 10:50:58 GMT">
  <testcase classname="com.restApi.practice.restApiPractice.Tests_And_Validations" name="downloadTest" time="0.556"/>
</testsuite> <!-- com.restApi.practice.restApiPractice.Tests_And_Validations -->
