<?xml version="1.0" encoding="UTF-8"?>
<!-- Generated by org.testng.reporters.JUnitReportReporter -->
<testsuite hostname="Harishs-Mini.lan" failures="0" tests="2" name="com.restApi.practice.restApiPractice.Test2" time="0.977" errors="0" timestamp="20 Apr 2024 11:33:56 GMT">
  <testcase classname="com.restApi.practice.restApiPractice.Test2" name="test1_noParam" time="0.656"/>
  <testcase classname="com.restApi.practice.restApiPractice.Test2" name="test1_withParam" time="0.321"/>
</testsuite> <!-- com.restApi.practice.restApiPractice.Test2 -->
