<?xml version="1.0" encoding="UTF-8"?>
<!-- Generated by org.testng.reporters.JUnitReportReporter -->
<testsuite hostname="Harishs-Mini.lan" failures="0" tests="1" name="com.restApi.practice.jsonserver.PostsTest" time="0.709" errors="0" timestamp="1 May 2024 08:38:22 GMT">
  <testcase classname="com.restApi.practice.jsonserver.PostsTest" name="justPost" time="0.709"/>
</testsuite> <!-- com.restApi.practice.jsonserver.PostsTest -->
