<?xml version="1.0" encoding="UTF-8"?>
<!-- Generated by org.testng.reporters.JUnitReportReporter -->
<testsuite hostname="Harishs-Mini.lan" failures="0" tests="4" name="com.restApi.practice.restApiPractice.Test1" time="3.837" errors="0" timestamp="20 Apr 2024 11:02:22 GMT">
  <testcase classname="com.restApi.practice.restApiPractice.Test1" name="downloadTest" time="0.301"/>
  <testcase classname="com.restApi.practice.restApiPractice.Test1" name="Test_2" time="0.904"/>
  <testcase classname="com.restApi.practice.restApiPractice.Test1" name="Test_1" time="0.725"/>
  <testcase classname="com.restApi.practice.restApiPractice.Test1" name="uploadTest" time="1.907"/>
</testsuite> <!-- com.restApi.practice.restApiPractice.Test1 -->
