<?xml version="1.0" encoding="UTF-8"?>
<!-- Generated by org.testng.reporters.JUnitReportReporter -->
<testsuite hostname="Harishs-Mini.lan" failures="0" tests="1" name="com.restApi.practice.jsonserver.Interview" time="0.334" errors="0" timestamp="3 May 2024 11:51:51 GMT">
  <testcase classname="com.restApi.practice.jsonserver.Interview" name="getResponse_writeToFile_readFile_validateResponse_txtFormat" time="0.334"/>
</testsuite> <!-- com.restApi.practice.jsonserver.Interview -->
