<?xml version="1.0" encoding="UTF-8"?>
<!-- Generated by org.testng.reporters.JUnitReportReporter -->
<testsuite hostname="Harishs-Mini.lan" failures="0" tests="1" name="com.restApi.practice.restApiPractice.AppTest" time="0.004" errors="0" timestamp="20 Apr 2024 06:56:14 GMT">
  <testcase classname="com.restApi.practice.restApiPractice.AppTest" name="shouldAnswerWithTrue" time="0.004"/>
</testsuite> <!-- com.restApi.practice.restApiPractice.AppTest -->
